<?xml version="1.0" encoding="UTF-8"?>
<testsuite xmlns:xsi="http://www.w3.org/2001/XMLSchema-instance" xsi:noNamespaceSchemaLocation="https://maven.apache.org/surefire/maven-surefire-plugin/xsd/surefire-test-report-3.0.xsd" version="3.0" name="pda.AnBnPdaTest" time="0.193" tests="5" errors="0" skipped="0" failures="0">
  <properties>
[...]
</properties>
  <testcase name="acceptsExactlyWhenCountsMatchInCanonicalForm" classname="pda.AnBnPdaTest" time="0.066"/>
  <testcase name="rejectsInvalidExamples" classname="pda.AnBnPdaTest" time="0.002"/>
  <testcase name="rejectsAnyStringWhereBStartsThenAReappears" classname="pda.AnBnPdaTest" time="0.001"/>
  <testcase name="rejectsNullInput" classname="pda.AnBnPdaTest" time="0.001"/>
  <testcase name="acceptsValidExamples" classname="pda.AnBnPdaTest" time="0.002"/>
</testsuite>